Copyright 1986-2015 Xilinx, Inc. All Rights Reserved.
---------------------------------------------------------------------------------------------------
| Tool Version      : Vivado v.2015.1 (win64) Build 1215546 Mon Apr 27 19:22:08 MDT 2015
| Date              : Sun Jul 26 19:18:54 2015
| Host              : Thi3fLaptop running 64-bit major release  (build 9200)
| Command           : report_clock_utilization -file design_1_wrapper_clock_utilization_routed.rpt
| Design            : design_1_wrapper
| Device            : 7a100t-csg324
| Speed File        : -1  PRODUCTION 1.14 2014-09-11
| Temperature Grade : C
---------------------------------------------------------------------------------------------------

Clock Utilization Report

Table of Contents
-----------------
1. Clock Primitive Utilization
2. Details of Global Clocks
3. Details of Regional Clocks
4. Details of Multi-Regional Clocks
5. Details of I/O Clocks
6. Details of Local Clocks
7. Clock Regions : Key Resource Utilization
8. Net wise resources used in clock region X0Y0
9. Net wise resources used in clock region X1Y0
10. Net wise resources used in clock region X0Y1
11. Net wise resources used in clock region X1Y1
12. Net wise resources used in clock region X0Y2
13. Net wise resources used in clock region X1Y2
14. Net wise resources used in clock region X0Y3
15. Net wise resources used in clock region X1Y3

1. Clock Primitive Utilization
------------------------------

+-------+------+-----------+-----------+
| Type  | Used | Available | Num Fixed |
+-------+------+-----------+-----------+
| BUFG  |    9 |        32 |         0 |
| BUFH  |    0 |        96 |         0 |
| BUFIO |    0 |        24 |         0 |
| MMCM  |    1 |         6 |         0 |
| PLL   |    0 |         6 |         0 |
| BUFR  |    0 |        24 |         0 |
| BUFMR |    0 |        12 |         0 |
+-------+------+-----------+-----------+


2. Details of Global Clocks
---------------------------

+-------+---------------------------------------------------------------------------------+-----------------------------------------+--------------+-------+
|       |                                                                                 |                                         |   Num Loads  |       |
+-------+---------------------------------------------------------------------------------+-----------------------------------------+------+-------+-------+
| Index | BUFG Cell                                                                       | Net Name                                | BELs | Sites | Fixed |
+-------+---------------------------------------------------------------------------------+-----------------------------------------+------+-------+-------+
|     1 | dbg_hub/inst/N_EXT_BSCAN.u_bufg_icon_update                                     | dbg_hub/inst/UPDATE_temp                |    1 |     1 |    no |
|     2 | design_1_i/clk_wiz_1/U0/clkf_buf                                                | design_1_i/clk_wiz_1/U0/CLKFBIN         |    1 |     1 |    no |
|     3 | design_1_i/mdm_1/U0/Ext_JTAG_UPDATE_BUFG_inst                                   | design_1_i/mdm_1/U0/Ext_JTAG_UPDATE     |   39 |    19 |    no |
|     4 | design_1_i/axi_ethernetlite_0/U0/NO_LOOPBACK_GEN.INCLUDE_BUFG_GEN.CLOCK_BUFG_RX | design_1_i/axi_ethernetlite_0/U0/C      |   63 |    18 |    no |
|     5 | design_1_i/axi_ethernetlite_0/U0/NO_LOOPBACK_GEN.INCLUDE_BUFG_GEN.CLOCK_BUFG_TX | design_1_i/axi_ethernetlite_0/U0/C0_out |   64 |    20 |    no |
|     6 | design_1_i/clk_wiz_1/U0/clkout3_buf                                             | design_1_i/clk_wiz_1/U0/clk_out3        |   89 |    41 |    no |
|     7 | dbg_hub/inst/N_EXT_BSCAN.u_bufg_icon                                            | dbg_hub/inst/idrck                      |  269 |    68 |    no |
|     8 | design_1_i/mdm_1/U0/No_Dbg_Reg_Access.BUFG_DRCK                                 | design_1_i/mdm_1/U0/Ext_JTAG_DRCK       |  282 |   133 |    no |
|     9 | design_1_i/clk_wiz_1/U0/clkout1_buf                                             | design_1_i/clk_wiz_1/U0/clk_out1        | 8346 |  2852 |    no |
+-------+---------------------------------------------------------------------------------+-----------------------------------------+------+-------+-------+


+-------+---------------------------------------+-------------------------------------------------------+--------------+-------+
|       |                                       |                                                       |   Num Loads  |       |
+-------+---------------------------------------+-------------------------------------------------------+------+-------+-------+
| Index | MMCM Cell                             | Net Name                                              | BELs | Sites | Fixed |
+-------+---------------------------------------+-------------------------------------------------------+------+-------+-------+
|     1 | design_1_i/clk_wiz_1/U0/mmcm_adv_inst | design_1_i/clk_wiz_1/U0/clk_out1_design_1_clk_wiz_1_0 |    1 |     1 |    no |
|     2 | design_1_i/clk_wiz_1/U0/mmcm_adv_inst | design_1_i/clk_wiz_1/U0/clk_out3_design_1_clk_wiz_1_0 |    1 |     1 |    no |
|     3 | design_1_i/clk_wiz_1/U0/mmcm_adv_inst | design_1_i/clk_wiz_1/U0/clkfbout_design_1_clk_wiz_1_0 |    1 |     1 |    no |
+-------+---------------------------------------+-------------------------------------------------------+------+-------+-------+


3. Details of Regional Clocks
-----------------------------

4. Details of Multi-Regional Clocks
-----------------------------------

5. Details of I/O Clocks
------------------------

6. Details of Local Clocks
--------------------------

7. Clock Regions : Key Resource Utilization
-------------------------------------------

+-------------------+--------------+--------------+--------------+--------------+--------------+--------------+--------------+--------------+--------------+--------------+--------------+--------------+--------------+--------------+--------------+
|                   | Global Clock |     BUFRs    |    BUFMRs    |    BUFIOs    |     MMCM     |      PLL     |      GT      |      PCI     |    ILOGIC    |    OLOGIC    |      FF      |     LUTM     |    RAMB18    |    RAMB36    |    DSP48E1   |
+-------------------+------+-------+------+-------+------+-------+------+-------+------+-------+------+-------+------+-------+------+-------+------+-------+------+-------+------+-------+------+-------+------+-------+------+-------+------+-------+
| Clock Region Name | Used | Avail | Used | Avail | Used | Avail | Used | Avail | Used | Avail | Used | Avail | Used | Avail | Used | Avail | Used | Avail | Used | Avail | Used | Avail | Used | Avail | Used | Avail | Used | Avail | Used | Avail |
+-------------------+------+-------+------+-------+------+-------+------+-------+------+-------+------+-------+------+-------+------+-------+------+-------+------+-------+------+-------+------+-------+------+-------+------+-------+------+-------+
| X0Y0              |    1 |    12 |    0 |     4 |    0 |     2 |    0 |     4 |    0 |     1 |    0 |     1 |    0 |     0 |    0 |     0 |    0 |    50 |    0 |    50 |    8 | 20800 |    8 |  2400 |    0 |    20 |   10 |    10 |    0 |    20 |
| X1Y0              |    1 |    12 |    0 |     0 |    0 |     0 |    0 |     0 |    0 |     0 |    0 |     0 |    0 |     5 |    0 |     0 |    0 |     0 |    0 |     0 |   19 | 12000 |    0 |  2200 |    0 |    40 |   20 |    20 |    0 |    40 |
| X0Y1              |    5 |    12 |    0 |     4 |    0 |     2 |    0 |     4 |    0 |     1 |    0 |     1 |    0 |     0 |    0 |     0 |    0 |    50 |    0 |    50 | 3356 | 16000 |  607 |  2400 |    0 |    20 |   10 |    10 |    0 |    20 |
| X1Y1              |    5 |    12 |    0 |     4 |    0 |     2 |    0 |     4 |    0 |     1 |    0 |     1 |    0 |     0 |    0 |     0 |    0 |    50 |    0 |    50 | 2188 | 15200 |  356 |  2600 |    0 |    60 |   30 |    30 |    0 |    40 |
| X0Y2              |    3 |    12 |    0 |     4 |    0 |     2 |    0 |     4 |    0 |     1 |    0 |     1 |    0 |     0 |    0 |     0 |    0 |    50 |    0 |    50 | 1264 | 16000 |  297 |  2400 |    0 |    20 |   10 |    10 |    0 |    20 |
| X1Y2              |    5 |    12 |    0 |     4 |    0 |     2 |    0 |     4 |    1 |     1 |    0 |     1 |    0 |     0 |    0 |     0 |    0 |    50 |    0 |    50 |  823 | 15200 |   90 |  2600 |    0 |    60 |   30 |    30 |    0 |    40 |
| X0Y3              |    1 |    12 |    0 |     4 |    0 |     2 |    0 |     4 |    0 |     1 |    0 |     1 |    0 |     0 |    0 |     0 |    0 |    50 |    0 |    50 |    0 | 20800 |    0 |  2400 |    0 |    20 |    9 |    10 |    0 |    20 |
| X1Y3              |    1 |    12 |    0 |     0 |    0 |     0 |    0 |     0 |    0 |     0 |    0 |     0 |    0 |     5 |    0 |     1 |    0 |     0 |    0 |     0 |    0 | 10800 |    0 |  2000 |    0 |    30 |   15 |    15 |    0 |    40 |
+-------------------+------+-------+------+-------+------+-------+------+-------+------+-------+------+-------+------+-------+------+-------+------+-------+------+-------+------+-------+------+-------+------+-------+------+-------+------+-------+
* RAMB36 site can be used as two RAMB18/FIFO18 sites.


8. Net wise resources used in clock region X0Y0
-----------------------------------------------

+-------------+-------------+-------+-----------+----------+---------+-----------+---------+---------+-----+-------+----------+----------------------------------+
| Source Type | BUFHCE Site | Fixed | MMCM Pins | PLL Pins | GT Pins | BRAM Pins | ILOGICs | OLOGICs | FFs | LUTMs | DSP48E1s |          Clock Net Name          |
+-------------+-------------+-------+-----------+----------+---------+-----------+---------+---------+-----+-------+----------+----------------------------------+
| BUFG        | BUFHCE_X0Y8 |   no  |         0 |        0 |       0 |        20 |       0 |       0 |   8 |     8 |        0 | design_1_i/clk_wiz_1/U0/clk_out1 |
+-------------+-------------+-------+-----------+----------+---------+-----------+---------+---------+-----+-------+----------+----------------------------------+


9. Net wise resources used in clock region X1Y0
-----------------------------------------------

+-------------+-------------+-------+-----------+----------+---------+-----------+---------+---------+-----+-------+----------+----------------------------------+
| Source Type | BUFHCE Site | Fixed | MMCM Pins | PLL Pins | GT Pins | BRAM Pins | ILOGICs | OLOGICs | FFs | LUTMs | DSP48E1s |          Clock Net Name          |
+-------------+-------------+-------+-----------+----------+---------+-----------+---------+---------+-----+-------+----------+----------------------------------+
| BUFG        | BUFHCE_X1Y8 |   no  |         0 |        0 |       0 |        40 |       0 |       0 |  19 |     0 |        0 | design_1_i/clk_wiz_1/U0/clk_out1 |
+-------------+-------------+-------+-----------+----------+---------+-----------+---------+---------+-----+-------+----------+----------------------------------+


10. Net wise resources used in clock region X0Y1
------------------------------------------------

+-------------+--------------+-------+-----------+----------+---------+-----------+---------+---------+------+-------+----------+------------------------------------+
| Source Type | BUFHCE Site  | Fixed | MMCM Pins | PLL Pins | GT Pins | BRAM Pins | ILOGICs | OLOGICs |  FFs | LUTMs | DSP48E1s |           Clock Net Name           |
+-------------+--------------+-------+-----------+----------+---------+-----------+---------+---------+------+-------+----------+------------------------------------+
| BUFG        | BUFHCE_X0Y22 |   no  |         0 |        0 |       0 |         0 |       0 |       0 |    1 |     0 |        0 | dbg_hub/inst/UPDATE_temp           |
| BUFG        | BUFHCE_X0Y12 |   no  |         0 |        0 |       0 |         0 |       0 |       0 |    2 |     0 |        0 | design_1_i/clk_wiz_1/U0/clk_out3   |
| BUFG        | BUFHCE_X0Y21 |   no  |         0 |        0 |       0 |         0 |       0 |       0 |   55 |     8 |        0 | design_1_i/axi_ethernetlite_0/U0/C |
| BUFG        | BUFHCE_X0Y20 |   no  |         0 |        0 |       0 |         0 |       0 |       0 |  245 |    24 |        0 | dbg_hub/inst/idrck                 |
| BUFG        | BUFHCE_X0Y23 |   no  |         0 |        0 |       0 |        20 |       0 |       0 | 3053 |   575 |        0 | design_1_i/clk_wiz_1/U0/clk_out1   |
+-------------+--------------+-------+-----------+----------+---------+-----------+---------+---------+------+-------+----------+------------------------------------+


11. Net wise resources used in clock region X1Y1
------------------------------------------------

+-------------+--------------+-------+-----------+----------+---------+-----------+---------+---------+------+-------+----------+-----------------------------------------+
| Source Type | BUFHCE Site  | Fixed | MMCM Pins | PLL Pins | GT Pins | BRAM Pins | ILOGICs | OLOGICs |  FFs | LUTMs | DSP48E1s |              Clock Net Name             |
+-------------+--------------+-------+-----------+----------+---------+-----------+---------+---------+------+-------+----------+-----------------------------------------+
| BUFG        | BUFHCE_X1Y21 |   no  |         0 |        0 |       0 |         0 |       0 |       0 |    5 |     0 |        0 | design_1_i/mdm_1/U0/Ext_JTAG_UPDATE     |
| BUFG        | BUFHCE_X1Y12 |   no  |         0 |        0 |       0 |         0 |       0 |       0 |   63 |     0 |        0 | design_1_i/axi_ethernetlite_0/U0/C0_out |
| BUFG        | BUFHCE_X1Y23 |   no  |         0 |        0 |       0 |         0 |       0 |       0 |   65 |     4 |        0 | design_1_i/clk_wiz_1/U0/clk_out3        |
| BUFG        | BUFHCE_X1Y20 |   no  |         0 |        0 |       0 |         0 |       0 |       0 |  132 |    42 |        0 | design_1_i/mdm_1/U0/Ext_JTAG_DRCK       |
| BUFG        | BUFHCE_X1Y22 |   no  |         0 |        0 |       0 |        60 |       0 |       0 | 1923 |   310 |        0 | design_1_i/clk_wiz_1/U0/clk_out1        |
+-------------+--------------+-------+-----------+----------+---------+-----------+---------+---------+------+-------+----------+-----------------------------------------+


12. Net wise resources used in clock region X0Y2
------------------------------------------------

+-------------+--------------+-------+-----------+----------+---------+-----------+---------+---------+------+-------+----------+-----------------------------------+
| Source Type | BUFHCE Site  | Fixed | MMCM Pins | PLL Pins | GT Pins | BRAM Pins | ILOGICs | OLOGICs |  FFs | LUTMs | DSP48E1s |           Clock Net Name          |
+-------------+--------------+-------+-----------+----------+---------+-----------+---------+---------+------+-------+----------+-----------------------------------+
| BUFG        | BUFHCE_X0Y34 |   no  |         0 |        0 |       0 |         0 |       0 |       0 |    2 |     0 |        0 | design_1_i/clk_wiz_1/U0/clk_out3  |
| BUFG        | BUFHCE_X0Y32 |   no  |         0 |        0 |       0 |         0 |       0 |       0 |   10 |     0 |        0 | design_1_i/mdm_1/U0/Ext_JTAG_DRCK |
| BUFG        | BUFHCE_X0Y33 |   no  |         0 |        0 |       0 |        20 |       0 |       0 | 1252 |   297 |        0 | design_1_i/clk_wiz_1/U0/clk_out1  |
+-------------+--------------+-------+-----------+----------+---------+-----------+---------+---------+------+-------+----------+-----------------------------------+


13. Net wise resources used in clock region X1Y2
------------------------------------------------

+-------------+--------------+-------+-----------+----------+---------+-----------+---------+---------+-----+-------+----------+-------------------------------------+
| Source Type | BUFHCE Site  | Fixed | MMCM Pins | PLL Pins | GT Pins | BRAM Pins | ILOGICs | OLOGICs | FFs | LUTMs | DSP48E1s |            Clock Net Name           |
+-------------+--------------+-------+-----------+----------+---------+-----------+---------+---------+-----+-------+----------+-------------------------------------+
| BUFG        | BUFHCE_X1Y24 |   no  |         1 |        0 |       0 |         0 |       0 |       0 |   0 |     0 |        0 | design_1_i/clk_wiz_1/U0/CLKFBIN     |
| BUFG        | BUFHCE_X1Y35 |   no  |         0 |        0 |       0 |         0 |       0 |       0 |  15 |     0 |        0 | design_1_i/clk_wiz_1/U0/clk_out3    |
| BUFG        | BUFHCE_X1Y33 |   no  |         0 |        0 |       0 |         0 |       0 |       0 |  34 |     0 |        0 | design_1_i/mdm_1/U0/Ext_JTAG_UPDATE |
| BUFG        | BUFHCE_X1Y32 |   no  |         0 |        0 |       0 |         0 |       0 |       0 |  95 |     3 |        0 | design_1_i/mdm_1/U0/Ext_JTAG_DRCK   |
| BUFG        | BUFHCE_X1Y34 |   no  |         0 |        0 |       0 |        60 |       0 |       0 | 679 |    87 |        0 | design_1_i/clk_wiz_1/U0/clk_out1    |
+-------------+--------------+-------+-----------+----------+---------+-----------+---------+---------+-----+-------+----------+-------------------------------------+


14. Net wise resources used in clock region X0Y3
------------------------------------------------

+-------------+--------------+-------+-----------+----------+---------+-----------+---------+---------+-----+-------+----------+----------------------------------+
| Source Type | BUFHCE Site  | Fixed | MMCM Pins | PLL Pins | GT Pins | BRAM Pins | ILOGICs | OLOGICs | FFs | LUTMs | DSP48E1s |          Clock Net Name          |
+-------------+--------------+-------+-----------+----------+---------+-----------+---------+---------+-----+-------+----------+----------------------------------+
| BUFG        | BUFHCE_X0Y44 |   no  |         0 |        0 |       0 |        18 |       0 |       0 |   0 |     0 |        0 | design_1_i/clk_wiz_1/U0/clk_out1 |
+-------------+--------------+-------+-----------+----------+---------+-----------+---------+---------+-----+-------+----------+----------------------------------+


15. Net wise resources used in clock region X1Y3
------------------------------------------------

+-------------+--------------+-------+-----------+----------+---------+-----------+---------+---------+-----+-------+----------+----------------------------------+
| Source Type | BUFHCE Site  | Fixed | MMCM Pins | PLL Pins | GT Pins | BRAM Pins | ILOGICs | OLOGICs | FFs | LUTMs | DSP48E1s |          Clock Net Name          |
+-------------+--------------+-------+-----------+----------+---------+-----------+---------+---------+-----+-------+----------+----------------------------------+
| BUFG        | BUFHCE_X1Y44 |   no  |         0 |        0 |       0 |        30 |       0 |       0 |   0 |     0 |        0 | design_1_i/clk_wiz_1/U0/clk_out1 |
+-------------+--------------+-------+-----------+----------+---------+-----------+---------+---------+-----+-------+----------+----------------------------------+



# Location of BUFG Primitives 
set_property LOC BUFGCTRL_X0Y5 [get_cells dbg_hub/inst/N_EXT_BSCAN.u_bufg_icon_update]
set_property LOC BUFGCTRL_X0Y1 [get_cells dbg_hub/inst/N_EXT_BSCAN.u_bufg_icon]
set_property LOC BUFGCTRL_X0Y3 [get_cells design_1_i/axi_ethernetlite_0/U0/NO_LOOPBACK_GEN.INCLUDE_BUFG_GEN.CLOCK_BUFG_RX]
set_property LOC BUFGCTRL_X0Y2 [get_cells design_1_i/axi_ethernetlite_0/U0/NO_LOOPBACK_GEN.INCLUDE_BUFG_GEN.CLOCK_BUFG_TX]
set_property LOC BUFGCTRL_X0Y18 [get_cells design_1_i/clk_wiz_1/U0/clkf_buf]
set_property LOC BUFGCTRL_X0Y16 [get_cells design_1_i/clk_wiz_1/U0/clkout1_buf]
set_property LOC BUFGCTRL_X0Y17 [get_cells design_1_i/clk_wiz_1/U0/clkout3_buf]
set_property LOC BUFGCTRL_X0Y0 [get_cells design_1_i/mdm_1/U0/No_Dbg_Reg_Access.BUFG_DRCK]
set_property LOC BUFGCTRL_X0Y4 [get_cells design_1_i/mdm_1/U0/Ext_JTAG_UPDATE_BUFG_inst]

# Location of IO Clock Primitives

# Location of MMCM Clock Primitives
set_property LOC MMCME2_ADV_X1Y2 [get_cells design_1_i/clk_wiz_1/U0/mmcm_adv_inst]

# Location of BUFH Clock Primitives

# Location of BUFR Clock Primitives

# Location of BUFMR Clock Primitives

# Location of PLL Clock Primitives

# Location of IO Primitives which is load of clock spine
set_property LOC IOB_X0Y71 [get_cells processor_clk_OBUF_inst]
set_property LOC IOB_X1Y128 [get_cells eth_ref_clk_OBUF_inst]

# Location of clock ports
set_property LOC IOB_X1Y126 [get_ports sys_clock]

# Clock net "dbg_hub/inst/UPDATE_temp" driven by instance "dbg_hub/inst/N_EXT_BSCAN.u_bufg_icon_update" located at site "BUFGCTRL_X0Y5"
#startgroup
create_pblock {CLKAG_dbg_hub/inst/UPDATE_temp}
add_cells_to_pblock [get_pblocks  {CLKAG_dbg_hub/inst/UPDATE_temp}] [get_cells -filter { PRIMITIVE_GROUP != I/O && IS_PRIMITIVE==1 && PRIMITIVE_LEVEL !=INTERNAL } -of_object [get_pins -filter {DIRECTION==IN} -of_objects [get_nets -hierarchical -filter {PARENT=="dbg_hub/inst/UPDATE_temp"}]]]
resize_pblock [get_pblocks {CLKAG_dbg_hub/inst/UPDATE_temp}] -add {CLOCKREGION_X0Y1:CLOCKREGION_X0Y1}
#endgroup

# Clock net "dbg_hub/inst/idrck" driven by instance "dbg_hub/inst/N_EXT_BSCAN.u_bufg_icon" located at site "BUFGCTRL_X0Y1"
#startgroup
create_pblock {CLKAG_dbg_hub/inst/idrck}
add_cells_to_pblock [get_pblocks  {CLKAG_dbg_hub/inst/idrck}] [get_cells -filter { PRIMITIVE_GROUP != I/O && IS_PRIMITIVE==1 && PRIMITIVE_LEVEL !=INTERNAL } -of_object [get_pins -filter {DIRECTION==IN} -of_objects [get_nets -hierarchical -filter {PARENT=="dbg_hub/inst/idrck"}]]]
resize_pblock [get_pblocks {CLKAG_dbg_hub/inst/idrck}] -add {CLOCKREGION_X0Y1:CLOCKREGION_X0Y1}
#endgroup

# Clock net "design_1_i/axi_ethernetlite_0/U0/C" driven by instance "design_1_i/axi_ethernetlite_0/U0/NO_LOOPBACK_GEN.INCLUDE_BUFG_GEN.CLOCK_BUFG_RX" located at site "BUFGCTRL_X0Y3"
#startgroup
create_pblock {CLKAG_design_1_i/axi_ethernetlite_0/U0/C}
add_cells_to_pblock [get_pblocks  {CLKAG_design_1_i/axi_ethernetlite_0/U0/C}] [get_cells -filter { PRIMITIVE_GROUP != I/O && IS_PRIMITIVE==1 && PRIMITIVE_LEVEL !=INTERNAL } -of_object [get_pins -filter {DIRECTION==IN} -of_objects [get_nets -hierarchical -filter {PARENT=="design_1_i/axi_ethernetlite_0/U0/C"}]]]
resize_pblock [get_pblocks {CLKAG_design_1_i/axi_ethernetlite_0/U0/C}] -add {CLOCKREGION_X0Y1:CLOCKREGION_X0Y1}
#endgroup

# Clock net "design_1_i/axi_ethernetlite_0/U0/C0_out" driven by instance "design_1_i/axi_ethernetlite_0/U0/NO_LOOPBACK_GEN.INCLUDE_BUFG_GEN.CLOCK_BUFG_TX" located at site "BUFGCTRL_X0Y2"
#startgroup
create_pblock {CLKAG_design_1_i/axi_ethernetlite_0/U0/C0_out}
add_cells_to_pblock [get_pblocks  {CLKAG_design_1_i/axi_ethernetlite_0/U0/C0_out}] [get_cells -filter { PRIMITIVE_GROUP != I/O && IS_PRIMITIVE==1 && PRIMITIVE_LEVEL !=INTERNAL } -of_object [get_pins -filter {DIRECTION==IN} -of_objects [get_nets -hierarchical -filter {PARENT=="design_1_i/axi_ethernetlite_0/U0/C0_out"}]]]
resize_pblock [get_pblocks {CLKAG_design_1_i/axi_ethernetlite_0/U0/C0_out}] -add {CLOCKREGION_X1Y1:CLOCKREGION_X1Y1}
#endgroup

# Clock net "design_1_i/clk_wiz_1/U0/clk_out1" driven by instance "design_1_i/clk_wiz_1/U0/clkout1_buf" located at site "BUFGCTRL_X0Y16"
#startgroup
create_pblock {CLKAG_design_1_i/clk_wiz_1/U0/clk_out1}
add_cells_to_pblock [get_pblocks  {CLKAG_design_1_i/clk_wiz_1/U0/clk_out1}] [get_cells -filter { PRIMITIVE_GROUP != I/O && IS_PRIMITIVE==1 && PRIMITIVE_LEVEL !=INTERNAL && NAME!=processor_clk_OBUF_inst} -of_object [get_pins -filter {DIRECTION==IN} -of_objects [get_nets -hierarchical -filter {PARENT=="design_1_i/clk_wiz_1/U0/clk_out1"}]]]
resize_pblock [get_pblocks {CLKAG_design_1_i/clk_wiz_1/U0/clk_out1}] -add {CLOCKREGION_X0Y0:CLOCKREGION_X0Y0 CLOCKREGION_X0Y1:CLOCKREGION_X0Y1 CLOCKREGION_X0Y2:CLOCKREGION_X0Y2 CLOCKREGION_X0Y3:CLOCKREGION_X0Y3 CLOCKREGION_X1Y0:CLOCKREGION_X1Y0 CLOCKREGION_X1Y1:CLOCKREGION_X1Y1 CLOCKREGION_X1Y2:CLOCKREGION_X1Y2 CLOCKREGION_X1Y3:CLOCKREGION_X1Y3}
#endgroup

# Clock net "design_1_i/clk_wiz_1/U0/clk_out3" driven by instance "design_1_i/clk_wiz_1/U0/clkout3_buf" located at site "BUFGCTRL_X0Y17"
#startgroup
create_pblock {CLKAG_design_1_i/clk_wiz_1/U0/clk_out3}
add_cells_to_pblock [get_pblocks  {CLKAG_design_1_i/clk_wiz_1/U0/clk_out3}] [get_cells -filter { PRIMITIVE_GROUP != I/O && IS_PRIMITIVE==1 && PRIMITIVE_LEVEL !=INTERNAL && NAME!=eth_ref_clk_OBUF_inst} -of_object [get_pins -filter {DIRECTION==IN} -of_objects [get_nets -hierarchical -filter {PARENT=="design_1_i/clk_wiz_1/U0/clk_out3"}]]]
resize_pblock [get_pblocks {CLKAG_design_1_i/clk_wiz_1/U0/clk_out3}] -add {CLOCKREGION_X0Y1:CLOCKREGION_X0Y1 CLOCKREGION_X0Y2:CLOCKREGION_X0Y2 CLOCKREGION_X1Y1:CLOCKREGION_X1Y1 CLOCKREGION_X1Y2:CLOCKREGION_X1Y2}
#endgroup

# Clock net "design_1_i/mdm_1/U0/Ext_JTAG_DRCK" driven by instance "design_1_i/mdm_1/U0/No_Dbg_Reg_Access.BUFG_DRCK" located at site "BUFGCTRL_X0Y0"
#startgroup
create_pblock {CLKAG_design_1_i/mdm_1/U0/Ext_JTAG_DRCK}
add_cells_to_pblock [get_pblocks  {CLKAG_design_1_i/mdm_1/U0/Ext_JTAG_DRCK}] [get_cells -filter { PRIMITIVE_GROUP != I/O && IS_PRIMITIVE==1 && PRIMITIVE_LEVEL !=INTERNAL } -of_object [get_pins -filter {DIRECTION==IN} -of_objects [get_nets -hierarchical -filter {PARENT=="design_1_i/mdm_1/U0/Ext_JTAG_DRCK"}]]]
resize_pblock [get_pblocks {CLKAG_design_1_i/mdm_1/U0/Ext_JTAG_DRCK}] -add {CLOCKREGION_X0Y2:CLOCKREGION_X0Y2 CLOCKREGION_X1Y1:CLOCKREGION_X1Y1 CLOCKREGION_X1Y2:CLOCKREGION_X1Y2}
#endgroup

# Clock net "design_1_i/mdm_1/U0/Ext_JTAG_UPDATE" driven by instance "design_1_i/mdm_1/U0/Ext_JTAG_UPDATE_BUFG_inst" located at site "BUFGCTRL_X0Y4"
#startgroup
create_pblock {CLKAG_design_1_i/mdm_1/U0/Ext_JTAG_UPDATE}
add_cells_to_pblock [get_pblocks  {CLKAG_design_1_i/mdm_1/U0/Ext_JTAG_UPDATE}] [get_cells -filter { PRIMITIVE_GROUP != I/O && IS_PRIMITIVE==1 && PRIMITIVE_LEVEL !=INTERNAL } -of_object [get_pins -filter {DIRECTION==IN} -of_objects [get_nets -hierarchical -filter {PARENT=="design_1_i/mdm_1/U0/Ext_JTAG_UPDATE"}]]]
resize_pblock [get_pblocks {CLKAG_design_1_i/mdm_1/U0/Ext_JTAG_UPDATE}] -add {CLOCKREGION_X1Y1:CLOCKREGION_X1Y1 CLOCKREGION_X1Y2:CLOCKREGION_X1Y2}
#endgroup
