INFO: [VRFC 10-163] Analyzing VHDL file "E:/Thesis/Thesis-FPGA-project/SysGenRTLv2/hdl_netlist/sysgensynthfse.srcs/sources_1/imports/sysgen/conv_pkg.vhd" into library xil_defaultlib
INFO: [VRFC 10-163] Analyzing VHDL file "E:/Thesis/Thesis-FPGA-project/SysGenRTLv2/hdl_netlist/sysgensynthfse.srcs/sources_1/imports/sysgen/synth_reg.vhd" into library xil_defaultlib
INFO: [VRFC 10-307] analyzing entity synth_reg
INFO: [VRFC 10-163] Analyzing VHDL file "E:/Thesis/Thesis-FPGA-project/SysGenRTLv2/hdl_netlist/sysgensynthfse.srcs/sources_1/imports/sysgen/synth_reg_w_init.vhd" into library xil_defaultlib
INFO: [VRFC 10-307] analyzing entity synth_reg_w_init
INFO: [VRFC 10-163] Analyzing VHDL file "E:/Thesis/Thesis-FPGA-project/SysGenRTLv2/hdl_netlist/sysgensynthfse.srcs/sources_1/imports/sysgen/srl17e.vhd" into library xil_defaultlib
INFO: [VRFC 10-307] analyzing entity srl17e
INFO: [VRFC 10-163] Analyzing VHDL file "E:/Thesis/Thesis-FPGA-project/SysGenRTLv2/hdl_netlist/sysgensynthfse.srcs/sources_1/imports/sysgen/synth_reg_reg.vhd" into library xil_defaultlib
INFO: [VRFC 10-307] analyzing entity synth_reg_reg
INFO: [VRFC 10-163] Analyzing VHDL file "E:/Thesis/Thesis-FPGA-project/SysGenRTLv2/hdl_netlist/sysgensynthfse.srcs/sources_1/imports/sysgen/single_reg_w_init.vhd" into library xil_defaultlib
INFO: [VRFC 10-307] analyzing entity single_reg_w_init
INFO: [VRFC 10-163] Analyzing VHDL file "E:/Thesis/Thesis-FPGA-project/SysGenRTLv2/hdl_netlist/sysgensynthfse.srcs/sources_1/imports/sysgen/xlclockdriver_rd.vhd" into library xil_defaultlib
INFO: [VRFC 10-307] analyzing entity xlclockdriver
INFO: [VRFC 10-163] Analyzing VHDL file "E:/Thesis/Thesis-FPGA-project/SysGenRTLv2/hdl_netlist/sysgensynthfse.srcs/sources_1/imports/sysgen/sysgensynthfse_entity_declarations.vhd" into library xil_defaultlib
INFO: [VRFC 10-307] analyzing entity sysgensynthfse_xlregister
INFO: [VRFC 10-307] analyzing entity sysgen_delay_ce254631c3
INFO: [VRFC 10-307] analyzing entity sysgen_mcode_block_9be8e7d538
INFO: [VRFC 10-307] analyzing entity sysgen_mcode_block_f5be8d2ed8
INFO: [VRFC 10-307] analyzing entity sysgensynthfse_xldsamp
INFO: [VRFC 10-307] analyzing entity sysgen_addsub_a3bd783a9f
INFO: [VRFC 10-307] analyzing entity sysgen_delay_165894e142
INFO: [VRFC 10-307] analyzing entity sysgensynthfse_xlusamp
INFO: [VRFC 10-307] analyzing entity sysgen_addrsr_f2a1535cba
INFO: [VRFC 10-307] analyzing entity sysgen_accum_ac47251739
INFO: [VRFC 10-307] analyzing entity sysgen_addsub_8a40b637d2
INFO: [VRFC 10-307] analyzing entity sysgensynthfse_xldelay
INFO: [VRFC 10-307] analyzing entity sysgen_delay_061416299d
INFO: [VRFC 10-307] analyzing entity sysgen_mcode_block_9962b0dfee
INFO: [VRFC 10-307] analyzing entity sysgen_mcode_block_ffc377abf7
INFO: [VRFC 10-307] analyzing entity sysgen_mcode_block_7ed4b76418
INFO: [VRFC 10-307] analyzing entity sysgen_mcode_block_f123d6727c
INFO: [VRFC 10-307] analyzing entity sysgen_mcode_block_c5df6a9ceb
INFO: [VRFC 10-163] Analyzing VHDL file "E:/Thesis/Thesis-FPGA-project/SysGenRTLv2/hdl_netlist/sysgensynthfse.srcs/sources_1/imports/sysgen/sysgensynthfse.vhd" into library xil_defaultlib
INFO: [VRFC 10-307] analyzing entity sysgensynthfse_synth_lms_filter
INFO: [VRFC 10-307] analyzing entity sysgensynthfse_synth_lms_filter1
INFO: [VRFC 10-307] analyzing entity sysgensynthfse_filters
INFO: [VRFC 10-307] analyzing entity sysgensynthfse_t_2_fse
INFO: [VRFC 10-307] analyzing entity sysgensynthfse_struct
INFO: [VRFC 10-307] analyzing entity sysgensynthfse_default_clock_driver
INFO: [VRFC 10-307] analyzing entity sysgensynthfse
INFO: [VRFC 10-163] Analyzing VHDL file "E:/Thesis/Thesis-FPGA-project/SysGenRTLv2/hdl_netlist/sysgensynthfse.srcs/sim_1/imports/sysgen/sysgensynthfse_tb.vhd" into library xil_defaultlib
INFO: [VRFC 10-307] analyzing entity xlclk
INFO: [VRFC 10-307] analyzing entity xltbsource
INFO: [VRFC 10-307] analyzing entity xltbsink
INFO: [VRFC 10-307] analyzing entity sysgensynthfse_tb
